sample.interval=20000
"FUN" "lapply" ".rs.objectsOnSearchPath" ".rs.getCompletionsSearchPath" "Reduce" ".rs.rpc.get_completions" 
"substring" ".rs.startsWith" ".rs.fuzzyMatches" ".rs.selectFuzzyMatches" ".rs.getCompletionsPackages" "Reduce" ".rs.rpc.get_completions" 
".rs.getCompletionsSearchPath" "Reduce" ".rs.rpc.get_completions" 
"ls" "FUN" "lapply" ".rs.objectsOnSearchPath" ".rs.getCompletionsSearchPath" "Reduce" ".rs.rpc.get_completions" 
".Call" ".rs.listIndexedPackages" "basename" "sort" ".rs.getCompletionsPackages" "Reduce" ".rs.rpc.get_completions" 
"c" ".rs.getCompletionsSearchPath" "Reduce" ".rs.rpc.get_completions" 
"vec_is_vector" "vec_is" "FUN" "vapply" "map_mold" "map_lgl" "which" "check_valid_cols" "lst_to_tibble" "as_tibble.data.frame" "tibble::as_tibble" "as_tibble" "file_info" "is_dir" "dir_exists" "create_directory" "edit_file" "usethis::edit_r_profile" 
"difftime" ".rs.availablePackagesState" ".rs.availablePackages" ".rs.discoverPackageDependencies" ".rs.rpc.discover_package_dependencies" 
"gc" "closeAllConnections" "sys.save.image" 
"gc" "closeAllConnections" "sys.save.image" 
"gc" "closeAllConnections" "sys.save.image" 
"gc" "closeAllConnections" "sys.save.image" 
"gc" "closeAllConnections" "sys.save.image" 
"gc" "closeAllConnections" "sys.save.image" 
"gc" "closeAllConnections" "sys.save.image" 
"gc" "closeAllConnections" "sys.save.image" 
"gc" "closeAllConnections" "sys.save.image" 
"gc" "closeAllConnections" "sys.save.image" 
"gc" "closeAllConnections" "sys.save.image" 
"gc" "closeAllConnections" "sys.save.image" 
"gc" "closeAllConnections" "sys.save.image" 
"gc" "closeAllConnections" "sys.save.image" 
"gc" "closeAllConnections" "sys.save.image" 
"gc" "closeAllConnections" "sys.save.image" 
"gc" "closeAllConnections" "sys.save.image" 
"gc" "closeAllConnections" "sys.save.image" 
"gc" "closeAllConnections" "sys.save.image" 
"gc" "closeAllConnections" "sys.save.image" 
"gc" "closeAllConnections" "sys.save.image" 
"gc" "closeAllConnections" "sys.save.image" 
"gc" "closeAllConnections" "sys.save.image" 
"gc" "closeAllConnections" "sys.save.image" 
"gc" "closeAllConnections" "sys.save.image" 
"gc" "closeAllConnections" "sys.save.image" 
"gc" "closeAllConnections" "sys.save.image" 
"gc" "closeAllConnections" "sys.save.image" 
"gc" "closeAllConnections" "sys.save.image" 
